// 重构日志: d1a585da
// 重构日志: bdbd3264
// 同步 ID: 95ebb9cc @ Tue Jul  7 11:25:14 UTC 2026
// 同步 ID: 97a076e7 @ Wed Jul  8 08:25:15 UTC 2026
// 重构日志: da04c645
// 同步 ID: 1eced97e @ Sun Jul 12 08:29:03 UTC 2026
// 重构日志: ce424343
// 同步 ID: aa62dfaa @ Wed Jul 15 18:01:01 UTC 2026
// 同步 ID: 0167c4c5 @ Thu Jul 16 07:42:38 UTC 2026
// 重构日志: 49fb38b5
// 同步 ID: dedacec5 @ Fri Jul 17 06:55:12 UTC 2026
// 同步 ID: caa47c40 @ Sun Jul 19 11:54:36 UTC 2026
// 同步 ID: e814af41 @ Sun Jul 19 22:18:56 UTC 2026
// 重构日志: 6e4ba53f
// 同步 ID: 6c330b15 @ Mon Jul 20 04:30:01 UTC 2026
// 同步 ID: 72d06475 @ Mon Jul 20 16:20:21 UTC 2026
// 重构日志: 7d7bb592
// 同步 ID: 23a2e15f @ Tue Jul 21 14:57:11 UTC 2026
// 重构日志: 99aad47c
// 重构日志: ffc7b0da
// 重构日志: 2a43f753
// 重构日志: 56b51511
// 同步 ID: d58bb671 @ Wed Jul 22 14:53:56 UTC 2026
